
> mynextwedd@0.1.0 dev
> next dev

 ⚠ Port 3000 is in use by an unknown process, using available port 3001 instead.
   ▲ Next.js 15.4.1
   - Local:        http://localhost:3001
   - Network:      http://10.255.255.254:3001
   - Environments: .env.local

 ✓ Starting...
 ✓ Ready in 2.5s
 ○ Compiling /dashboard/[clientSlug]/login ...
 ✓ Compiled /dashboard/[clientSlug]/login in 7s (744 modules)
 ✓ Compiled in 696ms (285 modules)
 GET /dashboard/admin/login 200 in 2362ms
 ○ Compiling /favicon.ico ...
 ✓ Compiled /favicon.ico in 1245ms (671 modules)
 GET /favicon.ico 200 in 1396ms
 GET /api/client-auth?slug=admin 404 in 1470ms
 GET /api/client-auth?slug=admin 404 in 22ms
 ○ Compiling /admin/login ...
 ✓ Compiled /admin/login in 806ms (745 modules)
 GET /admin/login 200 in 1150ms
 ○ Compiling /admin ...
 ✓ Compiled /admin in 910ms (804 modules)
 ⚠ Fast Refresh had to perform a full reload. Read more: https://nextjs.org/docs/messages/fast-refresh-reload
 GET /admin 200 in 1319ms
 ✓ Compiled /api/clients in 349ms (806 modules)
 GET /api/clients 200 in 430ms
 GET /api/clients 200 in 28ms
 ○ Compiling /admin/create-client ...
 ✓ Compiled /admin/create-client in 1485ms (843 modules)
 GET /admin/create-client 200 in 1637ms
 ○ Compiling /api/custom-themes ...
 ✓ Compiled /api/custom-themes in 723ms (845 modules)
 GET /api/clients 200 in 881ms
 GET /api/clients 200 in 34ms
 GET /api/custom-themes 200 in 3609ms
 GET /api/custom-themes 200 in 2462ms
 GET /api/custom-themes 200 in 2169ms
 ○ Compiling /dashboard/[clientSlug] ...
 ✓ Compiled /dashboard/[clientSlug] in 5s (1505 modules)
 GET /dashboard/rome-roma 200 in 6205ms
 GET /dashboard/rome-roma/login 200 in 113ms
 GET /api/client-auth?slug=rome-roma 200 in 60ms
 GET /api/client-auth?slug=rome-roma 200 in 19ms
 POST /api/client-auth 200 in 146ms
 GET /dashboard/rome-roma 200 in 152ms
 ○ Compiling /api/rsvp ...
 ✓ Compiled /api/rsvp in 950ms (1468 modules)
🔗 Connecting to client database: client_rome_roma_db
🔍 GET RSVP - Client: rome-roma
 GET /admin/create-client 200 in 338ms
📊 Found 0 records for client rome-roma
 GET /api/rsvp?clientSlug=rome-roma 200 in 1322ms
 GET /dashboard/rome-roma 200 in 345ms
🔗 Connecting to client database: client_rome_roma_db
🔍 GET RSVP - Client: rome-roma
📊 Found 0 records for client rome-roma
 GET /api/rsvp?clientSlug=rome-roma 200 in 57ms
 ○ Compiling /api/create-client ...
 ✓ Compiled /api/create-client in 858ms (1468 modules)
🔨 Creating database: client_bro_sist_db
✅ Client bro-sist berhasil dibuat dengan database terpisah: client_bro_sist_db
 POST /api/create-client 200 in 1362ms
 GET /api/clients 200 in 33ms
 GET /dashboard/bro-sist 200 in 396ms
 GET /dashboard/bro-sist/login 200 in 110ms
 GET /api/client-auth?slug=bro-sist 200 in 34ms
 GET /api/client-auth?slug=bro-sist 200 in 23ms
 POST /api/client-auth 200 in 68ms
 GET /dashboard/bro-sist 200 in 152ms
🔗 Connecting to client database: client_bro_sist_db
🔍 GET RSVP - Client: bro-sist
📊 Found 0 records for client bro-sist
 GET /api/rsvp?clientSlug=bro-sist 200 in 76ms
🔗 Connecting to client database: client_bro_sist_db
🔍 GET RSVP - Client: bro-sist
📊 Found 0 records for client bro-sist
 GET /api/rsvp?clientSlug=bro-sist 200 in 38ms
 ○ Compiling /undangan/[clientSlug]/[guestSlug] ...
 ✓ Compiled /undangan/[clientSlug]/[guestSlug] in 654ms (1475 modules)
 GET /undangan/bro-sist/preview-undangan 200 in 1562ms
 ○ Compiling /api/client-theme ...
 ✓ Compiled /api/client-theme in 953ms (1479 modules)
 GET /api/client-theme?clientSlug=bro-sist 200 in 1067ms
 GET /api/client-content?clientSlug=bro-sist&contentType=component_settings 200 in 1088ms
 GET /api/client-content?clientSlug=bro-sist&t=1769924828264 200 in 1100ms
 GET /api/client-theme?clientSlug=bro-sist 200 in 49ms
 ○ Compiling /api/client-gallery ...
 ✓ Compiled /api/client-gallery in 2.9s (1481 modules)
 GET /api/client-gallery?clientSlug=bro-sist&t=1769924829339 200 in 3107ms
 GET /api/custom-themes?themeId=testing-color 200 in 3248ms
 GET /api/custom-themes 200 in 5269ms
 GET /api/client-content?clientSlug=bro-sist&contentType=couple_info 200 in 205ms
 GET /api/client-content?clientSlug=bro-sist&contentType=resepsi_info 200 in 174ms
 GET /api/client-content?clientSlug=bro-sist&contentType=gift_address 200 in 209ms
 GET /api/client-content?clientSlug=bro-sist&contentType=wedding_gift 200 in 219ms
 GET /api/client-content?clientSlug=bro-sist&contentType=gift_visibility 200 in 206ms
 GET /api/client-content?clientSlug=bro-sist&contentType=component_settings 200 in 221ms
 ○ Compiling /api/guestbook ...
 ✓ Compiled /api/guestbook in 575ms (1483 modules)
🔗 Connecting to client database: client_bro_sist_db
 GET /api/client-content?clientSlug=bro-sist&contentType=resepsi_info 200 in 832ms
 GET /api/client-content?clientSlug=bro-sist&contentType=couple_info 200 in 846ms
 GET /api/client-content?clientSlug=bro-sist&contentType=gift_address 200 in 817ms
 GET /api/client-content?clientSlug=bro-sist&contentType=music_settings 200 in 958ms
 GET /api/guestbook?clientSlug=bro-sist 200 in 977ms
 GET /api/client-content?clientSlug=bro-sist&contentType=wedding_gift 200 in 839ms
 ○ Compiling /api/bank-logos ...
 ✓ Compiled /api/bank-logos in 1499ms (1486 modules)
 GET /api/bank-logos?t=1769924836753 200 in 1677ms
 GET /api/bank-logos?t=1769924836755 200 in 1616ms
 GET /api/bank-logos?t=1769924836756 200 in 1621ms
 GET /api/client-content?clientSlug=bro-sist&contentType=component_settings 200 in 1779ms
 GET /api/client-content?clientSlug=bro-sist&contentType=gift_visibility 200 in 1827ms
🔗 Connecting to client database: client_bro_sist_db
 GET /api/bank-logos?t=1769924836756 200 in 113ms
 GET /api/client-content?clientSlug=bro-sist&contentType=couple_info 200 in 1742ms
 GET /api/client-content?clientSlug=bro-sist&contentType=music_settings 200 in 159ms
 GET /api/guestbook?clientSlug=bro-sist 200 in 186ms
 GET /api/client-content?clientSlug=bro-sist&contentType=couple_info 200 in 144ms
 ○ Compiling /_not-found ...
 ✓ Compiled /_not-found in 969ms (1491 modules)
 GET /audio/andmesh.mp3 404 in 1360ms
 ✓ Compiled in 4.5s (1453 modules)
 GET /admin/create-client 200 in 437ms
 GET /dashboard/rome-roma 200 in 543ms
 GET /undangan/bro-sist/preview-undangan 200 in 518ms
 GET /dashboard/bro-sist 200 in 544ms
 ✓ Compiled in 1683ms (1453 modules)
 GET /admin/create-client 200 in 493ms
 GET /undangan/bro-sist/preview-undangan 200 in 468ms
 GET /dashboard/rome-roma 200 in 493ms
 GET /dashboard/bro-sist 200 in 480ms
 ✓ Compiled in 2s (1453 modules)
 GET /admin/create-client 200 in 264ms
 GET /dashboard/rome-roma 200 in 255ms
 GET /undangan/bro-sist/preview-undangan 200 in 207ms
 GET /dashboard/bro-sist 200 in 212ms
 ✓ Compiled in 2.2s (1453 modules)
 GET /admin/create-client 200 in 441ms
 GET /undangan/bro-sist/preview-undangan 200 in 413ms
 GET /dashboard/rome-roma 200 in 436ms
 GET /dashboard/bro-sist 200 in 427ms
 ✓ Compiled in 2.5s (1453 modules)
 GET /admin/create-client 200 in 316ms
 GET /dashboard/rome-roma 200 in 327ms
 GET /undangan/bro-sist/preview-undangan 200 in 306ms
 GET /dashboard/bro-sist 200 in 326ms
 ✓ Compiled in 2.2s (1453 modules)
 GET /admin/create-client 200 in 319ms
 GET /dashboard/rome-roma 200 in 357ms
 GET /dashboard/bro-sist 200 in 461ms
 GET /undangan/bro-sist/preview-undangan 200 in 464ms
 ✓ Compiled in 1349ms (1453 modules)
 GET /admin/create-client 200 in 491ms
 GET /dashboard/rome-roma 200 in 506ms
 GET /dashboard/bro-sist 200 in 480ms
 GET /undangan/bro-sist/preview-undangan 200 in 467ms
 ✓ Compiled in 3s (1453 modules)
 GET /admin/create-client 200 in 584ms
 GET /undangan/bro-sist/preview-undangan 200 in 557ms
 GET /dashboard/bro-sist 200 in 587ms
 GET /dashboard/rome-roma 200 in 596ms
 ✓ Compiled in 2.2s (1453 modules)
 GET /admin/create-client 200 in 553ms
 GET /dashboard/rome-roma 200 in 551ms
 GET /dashboard/bro-sist 200 in 524ms
 GET /undangan/bro-sist/preview-undangan 200 in 517ms
 ✓ Compiled in 720ms (1439 modules)
 ✓ Compiled /api/client-theme in 335ms (819 modules)
 ✓ Compiled (821 modules)
 GET /api/client-theme?clientSlug=bro-sist 200 in 784ms
 GET /api/client-content?clientSlug=bro-sist&t=1769925274548 200 in 806ms
 GET /api/client-content?clientSlug=bro-sist&contentType=component_settings 200 in 818ms
 ✓ Compiled /api/client-gallery in 263ms (823 modules)
 ✓ Compiled (825 modules)
 GET /api/client-theme?clientSlug=bro-sist 200 in 654ms
 GET /api/client-gallery?clientSlug=bro-sist&t=1769925275343 200 in 652ms
 GET /api/custom-themes?themeId=testing-color 200 in 9419ms
 GET /api/custom-themes 200 in 9161ms
 GET /api/client-content?clientSlug=bro-sist&contentType=couple_info 200 in 195ms
 GET /api/client-content?clientSlug=bro-sist&contentType=resepsi_info 200 in 218ms
 GET /api/client-content?clientSlug=bro-sist&contentType=wedding_gift 200 in 222ms
 GET /api/client-content?clientSlug=bro-sist&contentType=gift_address 200 in 313ms
 GET /api/client-content?clientSlug=bro-sist&contentType=gift_visibility 200 in 313ms
 GET /api/client-content?clientSlug=bro-sist&contentType=component_settings 200 in 340ms
 ○ Compiling /api/guestbook ...
 ✓ Compiled /api/guestbook in 1052ms (827 modules)
🔗 Connecting to client database: client_bro_sist_db
 GET /api/client-content?clientSlug=bro-sist&contentType=couple_info 200 in 2061ms
 GET /api/client-content?clientSlug=bro-sist&contentType=resepsi_info 200 in 1980ms
 GET /api/client-content?clientSlug=bro-sist&contentType=wedding_gift 200 in 1985ms
 GET /api/client-content?clientSlug=bro-sist&contentType=gift_address 200 in 1959ms
 GET /api/client-content?clientSlug=bro-sist&contentType=music_settings 200 in 2133ms
 GET /api/guestbook?clientSlug=bro-sist 200 in 2180ms
 GET /api/client-content?clientSlug=bro-sist&contentType=gift_visibility 200 in 148ms
 ○ Compiling /api/bank-logos ...
 ✓ Compiled /api/bank-logos in 822ms (830 modules)
 GET /api/bank-logos?t=1769925287153 200 in 2104ms
 GET /api/bank-logos?t=1769925287154 200 in 2104ms
 GET /api/bank-logos?t=1769925287155 200 in 2087ms
🔗 Connecting to client database: client_bro_sist_db
 GET /api/client-content?clientSlug=bro-sist&contentType=couple_info 200 in 2168ms
 GET /api/client-content?clientSlug=bro-sist&contentType=component_settings 200 in 2203ms
 GET /api/bank-logos?t=1769925287155 200 in 94ms
 GET /api/client-content?clientSlug=bro-sist&contentType=music_settings 200 in 2115ms
 GET /api/guestbook?clientSlug=bro-sist 200 in 152ms
 ○ Compiling /_not-found ...
 GET /api/client-content?clientSlug=bro-sist&contentType=couple_info 200 in 616ms
 ✓ Compiled /_not-found in 1550ms (1476 modules)
 GET /audio/andmesh.mp3 404 in 2085ms
 ✓ Compiled in 2.1s (1490 modules)
 GET /admin/create-client 200 in 533ms
 GET /dashboard/rome-roma 200 in 535ms
 GET /undangan/bro-sist/preview-undangan 200 in 508ms
 GET /dashboard/bro-sist 200 in 537ms
 GET /api/client-theme?clientSlug=bro-sist 200 in 268ms
 GET /api/client-content?clientSlug=bro-sist&t=1769925314401 200 in 323ms
 GET /api/client-content?clientSlug=bro-sist&contentType=component_settings 200 in 331ms
 GET /api/client-theme?clientSlug=bro-sist 200 in 86ms
 GET /api/client-gallery?clientSlug=bro-sist&t=1769925314769 200 in 124ms
 GET /api/client-content?clientSlug=bro-sist&contentType=couple_info 200 in 985ms
 GET /api/client-content?clientSlug=bro-sist&contentType=resepsi_info 200 in 1635ms
 GET /api/client-content?clientSlug=bro-sist&contentType=gift_address 200 in 1620ms
 GET /api/client-content?clientSlug=bro-sist&contentType=wedding_gift 200 in 2376ms
 GET /api/client-content?clientSlug=bro-sist&contentType=component_settings 200 in 2392ms
🔗 Connecting to client database: client_bro_sist_db
 GET /api/client-content?clientSlug=bro-sist&contentType=gift_visibility 200 in 3974ms
 GET /api/guestbook?clientSlug=bro-sist 200 in 3648ms
 GET /api/client-content?clientSlug=bro-sist&contentType=music_settings 200 in 3623ms
 GET /api/client-content?clientSlug=bro-sist&contentType=couple_info 200 in 2951ms
 GET /api/client-content?clientSlug=bro-sist&contentType=resepsi_info 200 in 2943ms
 GET /api/client-content?clientSlug=bro-sist&contentType=gift_address 200 in 238ms
 GET /api/bank-logos?t=1769925317535 200 in 95ms
 GET /api/bank-logos?t=1769925317536 200 in 101ms
 GET /api/client-content?clientSlug=bro-sist&contentType=wedding_gift 200 in 247ms
 GET /api/client-content?clientSlug=bro-sist&contentType=component_settings 200 in 208ms
 GET /api/bank-logos?t=1769925317537 200 in 165ms
 GET /api/custom-themes?themeId=testing-color 200 in 6077ms
🔗 Connecting to client database: client_bro_sist_db
 GET /api/bank-logos?t=1769925317536 200 in 165ms
 GET /api/client-content?clientSlug=bro-sist&contentType=music_settings 200 in 202ms
 GET /api/client-content?clientSlug=bro-sist&contentType=gift_visibility 200 in 291ms
 GET /api/guestbook?clientSlug=bro-sist 200 in 307ms
 GET /api/client-content?clientSlug=bro-sist&contentType=couple_info 200 in 249ms
 GET /audio/andmesh.mp3 404 in 127ms
 GET /api/client-content?clientSlug=bro-sist&contentType=couple_info 200 in 169ms
 ✓ Compiled in 2.8s (1490 modules)
 GET /admin/create-client 200 in 456ms
 GET /dashboard/rome-roma 200 in 453ms
 GET /undangan/bro-sist/preview-undangan 200 in 249ms
 GET /dashboard/bro-sist 200 in 260ms
 GET /api/client-theme?clientSlug=bro-sist 200 in 171ms
 GET /api/client-content?clientSlug=bro-sist&t=1769925332148 200 in 202ms
 GET /api/client-content?clientSlug=bro-sist&contentType=component_settings 200 in 241ms
 GET /api/client-theme?clientSlug=bro-sist 200 in 98ms
 GET /api/client-gallery?clientSlug=bro-sist&t=1769925332357 200 in 195ms
 GET /api/client-content?clientSlug=bro-sist&contentType=couple_info 200 in 378ms
 GET /api/client-content?clientSlug=bro-sist&contentType=wedding_gift 200 in 402ms
 GET /api/client-content?clientSlug=bro-sist&contentType=resepsi_info 200 in 412ms
 GET /api/client-content?clientSlug=bro-sist&contentType=gift_address 200 in 462ms
 GET /api/client-content?clientSlug=bro-sist&contentType=component_settings 200 in 251ms
🔗 Connecting to client database: client_bro_sist_db
 GET /api/client-content?clientSlug=bro-sist&contentType=gift_visibility 200 in 241ms
 GET /api/guestbook?clientSlug=bro-sist 200 in 235ms
 GET /api/client-content?clientSlug=bro-sist&contentType=music_settings 200 in 240ms
 GET /api/client-content?clientSlug=bro-sist&contentType=couple_info 200 in 338ms
 GET /api/client-content?clientSlug=bro-sist&contentType=wedding_gift 200 in 448ms
 GET /api/client-content?clientSlug=bro-sist&contentType=resepsi_info 200 in 651ms
 GET /api/client-content?clientSlug=bro-sist&contentType=gift_address 200 in 975ms
 GET /api/client-content?clientSlug=bro-sist&contentType=component_settings 200 in 992ms
🔗 Connecting to client database: client_bro_sist_db
 GET /api/client-content?clientSlug=bro-sist&contentType=gift_visibility 200 in 1158ms
 GET /api/guestbook?clientSlug=bro-sist 200 in 3264ms
 GET /api/bank-logos?t=1769925333569 200 in 2615ms
 GET /api/bank-logos?t=1769925333570 200 in 2542ms
 GET /api/client-content?clientSlug=bro-sist&contentType=music_settings 200 in 2125ms
 GET /api/bank-logos?t=1769925333569 200 in 128ms
 GET /api/client-content?clientSlug=bro-sist&contentType=couple_info 200 in 1547ms
 GET /api/custom-themes?themeId=testing-color 200 in 4275ms
 GET /audio/andmesh.mp3 404 in 209ms
 GET /api/bank-logos?t=1769925333569 200 in 207ms
 GET /api/client-content?clientSlug=bro-sist&contentType=couple_info 200 in 182ms
 ✓ Compiled in 900ms (659 modules)
 GET /admin/create-client 200 in 524ms
 GET /dashboard/rome-roma 200 in 525ms
 GET /dashboard/bro-sist 200 in 489ms
 GET /undangan/bro-sist/preview-undangan 200 in 492ms
 ✓ Compiled in 908ms (659 modules)
 GET /admin/create-client 200 in 430ms
 GET /undangan/bro-sist/preview-undangan 200 in 409ms
 GET /dashboard/rome-roma 200 in 439ms
 GET /dashboard/bro-sist 200 in 442ms
 ✓ Compiled in 2.6s (659 modules)
 GET /admin/create-client 200 in 455ms
 GET /undangan/bro-sist/preview-undangan 200 in 407ms
 GET /dashboard/rome-roma 200 in 483ms
 GET /dashboard/bro-sist 200 in 466ms
 ✓ Compiled in 906ms (659 modules)
 GET /admin/create-client 200 in 390ms
 GET /dashboard/rome-roma 200 in 438ms
 GET /dashboard/bro-sist 200 in 505ms
 GET /undangan/bro-sist/preview-undangan 200 in 492ms
 ✓ Compiled in 876ms (655 modules)
 GET /admin/create-client 200 in 370ms
 GET /dashboard/rome-roma 200 in 531ms
 GET /undangan/bro-sist/preview-undangan 200 in 550ms
 GET /dashboard/bro-sist 200 in 491ms
 ✓ Compiled in 944ms (655 modules)
 GET /admin/create-client 200 in 273ms
 GET /dashboard/rome-roma 200 in 296ms
 GET /undangan/bro-sist/preview-undangan 200 in 289ms
 GET /dashboard/bro-sist 200 in 306ms
 ✓ Compiled in 849ms (655 modules)
 GET /admin/create-client 200 in 337ms
 GET /dashboard/rome-roma 200 in 325ms
 GET /undangan/bro-sist/preview-undangan 200 in 282ms
 GET /dashboard/bro-sist 200 in 293ms
 ✓ Compiled in 769ms (655 modules)
 GET /admin/create-client 200 in 479ms
 GET /undangan/bro-sist/preview-undangan 200 in 446ms
 GET /dashboard/rome-roma 200 in 472ms
 GET /dashboard/bro-sist 200 in 464ms
 ✓ Compiled in 1074ms (655 modules)
 GET /undangan/bro-sist/preview-undangan 200 in 481ms
 GET /admin/create-client 200 in 509ms
 GET /dashboard/bro-sist 200 in 521ms
 GET /dashboard/rome-roma 200 in 503ms
 ✓ Compiled in 1226ms (655 modules)
 GET /admin/create-client 200 in 225ms
 GET /dashboard/rome-roma 200 in 238ms
 GET /undangan/bro-sist/preview-undangan 200 in 279ms
 GET /dashboard/bro-sist 200 in 372ms
 ✓ Compiled in 953ms (655 modules)
 GET /admin/create-client 200 in 451ms
 GET /undangan/bro-sist/preview-undangan 200 in 445ms
 GET /dashboard/rome-roma 200 in 465ms
 GET /dashboard/bro-sist 200 in 468ms
 ○ Compiling /admin/component-manager ...
 ✓ Compiled /admin/component-manager in 3.5s (1470 modules)
 GET /admin/component-manager 200 in 3851ms
 ○ Compiling /admin/theme-backgrounds ...
 ✓ Compiled /admin/theme-backgrounds in 643ms (841 modules)
 ✓ Compiled in 942ms (1503 modules)
 GET /undangan/bro-sist/preview-undangan 200 in 1747ms
 GET /admin/theme-backgrounds 200 in 2469ms
 GET /api/clients 200 in 2477ms
 GET /dashboard/rome-roma 200 in 1792ms
 GET /dashboard/bro-sist 200 in 1793ms
 GET /api/clients 200 in 154ms
 ○ Compiling /_not-found ...
 GET /admin/theme-backgrounds 200 in 593ms
 ⨯ Failed to generate static paths for /undangan/[clientSlug]/[guestSlug]:
[Error: Cannot find module './vendor-chunks/@swc.js'
Require stack:
- /home/andri/myweddblue/.next/server/webpack-runtime.js
- /home/andri/myweddblue/.next/server/app/undangan/[clientSlug]/[guestSlug]/page.js
- /home/andri/myweddblue/node_modules/next/dist/server/require.js
- /home/andri/myweddblue/node_modules/next/dist/server/load-components.js
- /home/andri/myweddblue/node_modules/next/dist/build/utils.js
- /home/andri/myweddblue/node_modules/next/dist/server/dev/static-paths-worker.js
- /home/andri/myweddblue/node_modules/next/dist/compiled/jest-worker/processChild.js] {
  type: 'Error',
  code: 'MODULE_NOT_FOUND',
  requireStack: [Array]
}
 ⨯ Failed to generate static paths for /undangan/[clientSlug]/[guestSlug]:
[Error: Cannot find module './vendor-chunks/@swc.js'
Require stack:
- /home/andri/myweddblue/.next/server/webpack-runtime.js
- /home/andri/myweddblue/.next/server/app/undangan/[clientSlug]/[guestSlug]/page.js
- /home/andri/myweddblue/node_modules/next/dist/server/require.js
- /home/andri/myweddblue/node_modules/next/dist/server/load-components.js
- /home/andri/myweddblue/node_modules/next/dist/build/utils.js
- /home/andri/myweddblue/node_modules/next/dist/server/dev/static-paths-worker.js
- /home/andri/myweddblue/node_modules/next/dist/compiled/jest-worker/processChild.js] {
  type: 'Error',
  code: 'MODULE_NOT_FOUND',
  requireStack: [Array]
}
 ⨯ Failed to generate static paths for /dashboard/[clientSlug]:
[Error: Cannot find module './vendor-chunks/@swc.js'
Require stack:
- /home/andri/myweddblue/.next/server/webpack-runtime.js
- /home/andri/myweddblue/.next/server/app/dashboard/[clientSlug]/page.js
- /home/andri/myweddblue/node_modules/next/dist/server/require.js
- /home/andri/myweddblue/node_modules/next/dist/server/load-components.js
- /home/andri/myweddblue/node_modules/next/dist/build/utils.js
- /home/andri/myweddblue/node_modules/next/dist/server/dev/static-paths-worker.js
- /home/andri/myweddblue/node_modules/next/dist/compiled/jest-worker/processChild.js] {
  type: 'Error',
  code: 'MODULE_NOT_FOUND',
  requireStack: [Array]
}
 ⨯ Failed to generate static paths for /dashboard/[clientSlug]:
[Error: Cannot find module './vendor-chunks/@swc.js'
Require stack:
- /home/andri/myweddblue/.next/server/webpack-runtime.js
- /home/andri/myweddblue/.next/server/app/dashboard/[clientSlug]/page.js
- /home/andri/myweddblue/node_modules/next/dist/server/require.js
- /home/andri/myweddblue/node_modules/next/dist/server/load-components.js
- /home/andri/myweddblue/node_modules/next/dist/build/utils.js
- /home/andri/myweddblue/node_modules/next/dist/server/dev/static-paths-worker.js
- /home/andri/myweddblue/node_modules/next/dist/compiled/jest-worker/processChild.js] {
  type: 'Error',
  code: 'MODULE_NOT_FOUND',
  requireStack: [Array]
}
 ⨯ Failed to generate static paths for /dashboard/[clientSlug]:
[Error: Cannot find module './vendor-chunks/@swc.js'
Require stack:
- /home/andri/myweddblue/.next/server/webpack-runtime.js
- /home/andri/myweddblue/.next/server/app/dashboard/[clientSlug]/page.js
- /home/andri/myweddblue/node_modules/next/dist/server/require.js
- /home/andri/myweddblue/node_modules/next/dist/server/load-components.js
- /home/andri/myweddblue/node_modules/next/dist/build/utils.js
- /home/andri/myweddblue/node_modules/next/dist/server/dev/static-paths-worker.js
- /home/andri/myweddblue/node_modules/next/dist/compiled/jest-worker/processChild.js] {
  type: 'Error',
  code: 'MODULE_NOT_FOUND',
  requireStack: [Array]
}
 ⨯ Failed to generate static paths for /dashboard/[clientSlug]:
[Error: Cannot find module './vendor-chunks/@swc.js'
Require stack:
- /home/andri/myweddblue/.next/server/webpack-runtime.js
- /home/andri/myweddblue/.next/server/app/dashboard/[clientSlug]/page.js
- /home/andri/myweddblue/node_modules/next/dist/server/require.js
- /home/andri/myweddblue/node_modules/next/dist/server/load-components.js
- /home/andri/myweddblue/node_modules/next/dist/build/utils.js
- /home/andri/myweddblue/node_modules/next/dist/server/dev/static-paths-worker.js
- /home/andri/myweddblue/node_modules/next/dist/compiled/jest-worker/processChild.js] {
  type: 'Error',
  code: 'MODULE_NOT_FOUND',
  requireStack: [Array]
}
 ✓ Compiled /_not-found in 1693ms (1508 modules)
 GET /_next/static/css/app/dashboard/%5BclientSlug%5D/page.css?v=1769925639096 404 in 1975ms
 GET /_next/static/css/app/layout.css?v=1769925639096 404 in 2502ms
 GET /_next/static/css/app/layout.css?v=1769925638982 404 in 2520ms
 GET /_next/static/css/app/layout.css?v=1769925639583 404 in 1261ms
 GET /_next/static/css/app/dashboard/%5BclientSlug%5D/page.css?v=1769925639093 404 in 2075ms
 GET /_next/static/css/app/layout.css?v=1769925639093 404 in 2513ms
 ○ Compiling /api/theme-backgrounds ...
 ✓ Compiled /api/theme-backgrounds in 1021ms (1510 modules)
 GET /_next/static/css/app/undangan/%5BclientSlug%5D/%5BguestSlug%5D/page.css?v=1769925638982 404 in 1239ms
 GET /api/theme-backgrounds 200 in 1279ms
 GET /api/theme-backgrounds 200 in 40ms
 ✓ Compiled /api/custom-themes in 342ms (854 modules)
 GET /admin/theme-backgrounds 200 in 250ms
 GET /_next/static/css/app/layout.css?v=1769925643700 404 in 133ms
 ⨯ [Error: Cannot find module './vendor-chunks/@swc.js'
Require stack:
- /home/andri/myweddblue/.next/server/webpack-runtime.js
- /home/andri/myweddblue/.next/server/app/undangan/[clientSlug]/[guestSlug]/page.js
- /home/andri/myweddblue/node_modules/next/dist/server/require.js
- /home/andri/myweddblue/node_modules/next/dist/server/load-components.js
- /home/andri/myweddblue/node_modules/next/dist/build/utils.js
- /home/andri/myweddblue/node_modules/next/dist/server/dev/static-paths-worker.js
- /home/andri/myweddblue/node_modules/next/dist/compiled/jest-worker/processChild.js] {
  type: 'Error',
  code: 'MODULE_NOT_FOUND',
  requireStack: [Array],
  page: '/undangan/bro-sist/preview-undangan'
}
 ⨯ [Error: Cannot find module './vendor-chunks/@swc.js'
Require stack:
- /home/andri/myweddblue/.next/server/webpack-runtime.js
- /home/andri/myweddblue/.next/server/app/dashboard/[clientSlug]/page.js
- /home/andri/myweddblue/node_modules/next/dist/server/require.js
- /home/andri/myweddblue/node_modules/next/dist/server/load-components.js
- /home/andri/myweddblue/node_modules/next/dist/build/utils.js
- /home/andri/myweddblue/node_modules/next/dist/server/dev/static-paths-worker.js
- /home/andri/myweddblue/node_modules/next/dist/compiled/jest-worker/processChild.js] {
  type: 'Error',
  code: 'MODULE_NOT_FOUND',
  requireStack: [Array],
  page: '/dashboard/bro-sist'
}
 ⨯ [Error: Cannot find module './vendor-chunks/@swc.js'
Require stack:
- /home/andri/myweddblue/.next/server/webpack-runtime.js
- /home/andri/myweddblue/.next/server/app/dashboard/[clientSlug]/page.js
- /home/andri/myweddblue/node_modules/next/dist/server/require.js
- /home/andri/myweddblue/node_modules/next/dist/server/load-components.js
- /home/andri/myweddblue/node_modules/next/dist/build/utils.js
- /home/andri/myweddblue/node_modules/next/dist/server/dev/static-paths-worker.js
- /home/andri/myweddblue/node_modules/next/dist/compiled/jest-worker/processChild.js] {
  type: 'Error',
  code: 'MODULE_NOT_FOUND',
  requireStack: [Array],
  page: '/dashboard/bro-sist'
}
 ○ Compiling /_error ...
 GET /api/custom-themes 200 in 3957ms
 GET /api/custom-themes 200 in 3178ms
 GET /api/custom-themes 200 in 2056ms
 ✓ Compiled /_error in 7.7s (1823 modules)
 GET /admin/theme-backgrounds 200 in 3796ms
 GET /admin/theme-backgrounds 200 in 40ms
 GET /undangan/bro-sist/preview-undangan 500 in 10248ms
 GET /dashboard/rome-roma 500 in 10249ms
 GET /dashboard/bro-sist 500 in 10249ms
 GET /_next/static/css/app/layout.css?v=1769925653353 404 in 424ms
 GET /admin/theme-backgrounds 200 in 197ms
 GET /_next/static/css/app/layout.css?v=1769925654035 404 in 87ms
 GET /_next/static/chunks/main-app.js?v=1769925654035 404 in 247ms
 GET /_next/static/chunks/app-pages-internals.js 404 in 122ms
 GET /_next/static/chunks/app/admin/layout.js 404 in 122ms
 ⨯ [Error: Cannot find module './vendor-chunks/styled-jsx.js'
Require stack:
- /home/andri/myweddblue/.next/server/webpack-runtime.js
- /home/andri/myweddblue/.next/server/app/undangan/[clientSlug]/[guestSlug]/page.js
- /home/andri/myweddblue/node_modules/next/dist/server/require.js
- /home/andri/myweddblue/node_modules/next/dist/server/load-components.js
- /home/andri/myweddblue/node_modules/next/dist/build/utils.js
- /home/andri/myweddblue/node_modules/next/dist/server/dev/static-paths-worker.js
- /home/andri/myweddblue/node_modules/next/dist/compiled/jest-worker/processChild.js] {
  type: 'Error',
  code: 'MODULE_NOT_FOUND',
  requireStack: [Array],
  page: '/undangan/bro-sist/preview-undangan'
}
 ⨯ [Error: Cannot find module './vendor-chunks/styled-jsx.js'
Require stack:
- /home/andri/myweddblue/.next/server/webpack-runtime.js
- /home/andri/myweddblue/.next/server/app/dashboard/[clientSlug]/page.js
- /home/andri/myweddblue/node_modules/next/dist/server/require.js
- /home/andri/myweddblue/node_modules/next/dist/server/load-components.js
- /home/andri/myweddblue/node_modules/next/dist/build/utils.js
- /home/andri/myweddblue/node_modules/next/dist/server/dev/static-paths-worker.js
- /home/andri/myweddblue/node_modules/next/dist/compiled/jest-worker/processChild.js] {
  type: 'Error',
  code: 'MODULE_NOT_FOUND',
  requireStack: [Array],
  page: '/dashboard/bro-sist'
}
 ⨯ [Error: Cannot find module './vendor-chunks/styled-jsx.js'
Require stack:
- /home/andri/myweddblue/.next/server/webpack-runtime.js
- /home/andri/myweddblue/.next/server/app/dashboard/[clientSlug]/page.js
- /home/andri/myweddblue/node_modules/next/dist/server/require.js
- /home/andri/myweddblue/node_modules/next/dist/server/load-components.js
- /home/andri/myweddblue/node_modules/next/dist/build/utils.js
- /home/andri/myweddblue/node_modules/next/dist/server/dev/static-paths-worker.js
- /home/andri/myweddblue/node_modules/next/dist/compiled/jest-worker/processChild.js] {
  type: 'Error',
  code: 'MODULE_NOT_FOUND',
  requireStack: [Array],
  page: '/dashboard/bro-sist'
}
 GET /undangan/bro-sist/preview-undangan 500 in 1151ms
 GET /dashboard/rome-roma 500 in 1210ms
 GET /dashboard/bro-sist 500 in 1210ms
 ⨯ [Error: Cannot find module './vendor-chunks/styled-jsx.js'
Require stack:
- /home/andri/myweddblue/.next/server/webpack-runtime.js
- /home/andri/myweddblue/.next/server/app/undangan/[clientSlug]/[guestSlug]/page.js
- /home/andri/myweddblue/node_modules/next/dist/server/require.js
- /home/andri/myweddblue/node_modules/next/dist/server/load-components.js
- /home/andri/myweddblue/node_modules/next/dist/build/utils.js
- /home/andri/myweddblue/node_modules/next/dist/server/dev/static-paths-worker.js
- /home/andri/myweddblue/node_modules/next/dist/compiled/jest-worker/processChild.js] {
  type: 'Error',
  code: 'MODULE_NOT_FOUND',
  requireStack: [Array],
  page: '/undangan/bro-sist/preview-undangan'
}
 ⨯ [Error: Cannot find module './vendor-chunks/styled-jsx.js'
Require stack:
- /home/andri/myweddblue/.next/server/webpack-runtime.js
- /home/andri/myweddblue/.next/server/app/dashboard/[clientSlug]/page.js
- /home/andri/myweddblue/node_modules/next/dist/server/require.js
- /home/andri/myweddblue/node_modules/next/dist/server/load-components.js
- /home/andri/myweddblue/node_modules/next/dist/build/utils.js
- /home/andri/myweddblue/node_modules/next/dist/server/dev/static-paths-worker.js
- /home/andri/myweddblue/node_modules/next/dist/compiled/jest-worker/processChild.js] {
  type: 'Error',
  code: 'MODULE_NOT_FOUND',
  requireStack: [Array],
  page: '/dashboard/bro-sist'
}
 ⨯ [Error: Cannot find module './vendor-chunks/styled-jsx.js'
Require stack:
- /home/andri/myweddblue/.next/server/webpack-runtime.js
- /home/andri/myweddblue/.next/server/app/dashboard/[clientSlug]/page.js
- /home/andri/myweddblue/node_modules/next/dist/server/require.js
- /home/andri/myweddblue/node_modules/next/dist/server/load-components.js
- /home/andri/myweddblue/node_modules/next/dist/build/utils.js
- /home/andri/myweddblue/node_modules/next/dist/server/dev/static-paths-worker.js
- /home/andri/myweddblue/node_modules/next/dist/compiled/jest-worker/processChild.js] {
  type: 'Error',
  code: 'MODULE_NOT_FOUND',
  requireStack: [Array],
  page: '/dashboard/bro-sist'
}
 GET /undangan/bro-sist/preview-undangan 500 in 802ms
 GET /dashboard/rome-roma 500 in 856ms
 GET /dashboard/bro-sist 500 in 857ms
 ⨯ [Error: Cannot find module './vendor-chunks/styled-jsx.js'
Require stack:
- /home/andri/myweddblue/.next/server/webpack-runtime.js
- /home/andri/myweddblue/.next/server/app/undangan/[clientSlug]/[guestSlug]/page.js
- /home/andri/myweddblue/node_modules/next/dist/server/require.js
- /home/andri/myweddblue/node_modules/next/dist/server/load-components.js
- /home/andri/myweddblue/node_modules/next/dist/build/utils.js
- /home/andri/myweddblue/node_modules/next/dist/server/dev/static-paths-worker.js
- /home/andri/myweddblue/node_modules/next/dist/compiled/jest-worker/processChild.js] {
  type: 'Error',
  code: 'MODULE_NOT_FOUND',
  requireStack: [Array],
  page: '/undangan/bro-sist/preview-undangan'
}
 ⨯ [Error: Cannot find module './vendor-chunks/styled-jsx.js'
Require stack:
- /home/andri/myweddblue/.next/server/webpack-runtime.js
- /home/andri/myweddblue/.next/server/app/dashboard/[clientSlug]/page.js
- /home/andri/myweddblue/node_modules/next/dist/server/require.js
- /home/andri/myweddblue/node_modules/next/dist/server/load-components.js
- /home/andri/myweddblue/node_modules/next/dist/build/utils.js
- /home/andri/myweddblue/node_modules/next/dist/server/dev/static-paths-worker.js
- /home/andri/myweddblue/node_modules/next/dist/compiled/jest-worker/processChild.js] {
  type: 'Error',
  code: 'MODULE_NOT_FOUND',
  requireStack: [Array],
  page: '/dashboard/rome-roma'
}
 ⨯ [Error: Cannot find module './vendor-chunks/styled-jsx.js'
Require stack:
- /home/andri/myweddblue/.next/server/webpack-runtime.js
- /home/andri/myweddblue/.next/server/app/dashboard/[clientSlug]/page.js
- /home/andri/myweddblue/node_modules/next/dist/server/require.js
- /home/andri/myweddblue/node_modules/next/dist/server/load-components.js
- /home/andri/myweddblue/node_modules/next/dist/build/utils.js
- /home/andri/myweddblue/node_modules/next/dist/server/dev/static-paths-worker.js
- /home/andri/myweddblue/node_modules/next/dist/compiled/jest-worker/processChild.js] {
  type: 'Error',
  code: 'MODULE_NOT_FOUND',
  requireStack: [Array],
  page: '/dashboard/rome-roma'
}
 GET /undangan/bro-sist/preview-undangan 500 in 964ms
 GET /dashboard/bro-sist 500 in 1038ms
 GET /dashboard/rome-roma 500 in 984ms
 GET /admin/theme-backgrounds 200 in 98ms
 GET /_next/static/css/app/layout.css?v=1769925690185 404 in 99ms
 GET /_next/static/chunks/app-pages-internals.js 404 in 230ms
 GET /_next/static/chunks/app/admin/layout.js 404 in 229ms
 GET /_next/static/chunks/main-app.js?v=1769925690185 404 in 240ms
 ✓ Compiled /admin in 411ms (1026 modules)
 GET /admin 200 in 700ms
 GET /_next/static/css/app/layout.css?v=1769925693007 404 in 177ms
 GET /_next/static/chunks/main-app.js?v=1769925693007 404 in 233ms
 GET /_next/static/chunks/app/admin/layout.js 404 in 231ms
 GET /_next/static/chunks/app-pages-internals.js 404 in 234ms
 GET /_next/static/chunks/app/admin/page.js 404 in 232ms
 ⨯ [Error: Cannot find module './vendor-chunks/styled-jsx.js'
Require stack:
- /home/andri/myweddblue/.next/server/webpack-runtime.js
- /home/andri/myweddblue/.next/server/app/dashboard/[clientSlug]/page.js
- /home/andri/myweddblue/node_modules/next/dist/server/require.js
- /home/andri/myweddblue/node_modules/next/dist/server/load-components.js
- /home/andri/myweddblue/node_modules/next/dist/build/utils.js
- /home/andri/myweddblue/node_modules/next/dist/server/dev/static-paths-worker.js
- /home/andri/myweddblue/node_modules/next/dist/compiled/jest-worker/processChild.js] {
  type: 'Error',
  code: 'MODULE_NOT_FOUND',
  requireStack: [Array],
  page: '/dashboard/bro-sist'
}
 GET /dashboard/bro-sist 500 in 952ms
 GET /admin 200 in 54ms
 GET /_next/static/css/app/layout.css?v=1769925700218 404 in 184ms
 GET /_next/static/chunks/app-pages-internals.js 404 in 198ms
 GET /_next/static/chunks/main-app.js?v=1769925700218 404 in 201ms
 GET /_next/static/chunks/app/admin/layout.js 404 in 200ms
 GET /_next/static/chunks/app/admin/page.js 404 in 201ms
 ⨯ [Error: Cannot find module './vendor-chunks/styled-jsx.js'
Require stack:
- /home/andri/myweddblue/.next/server/webpack-runtime.js
- /home/andri/myweddblue/.next/server/app/dashboard/[clientSlug]/page.js
- /home/andri/myweddblue/node_modules/next/dist/server/require.js
- /home/andri/myweddblue/node_modules/next/dist/server/load-components.js
- /home/andri/myweddblue/node_modules/next/dist/build/utils.js
- /home/andri/myweddblue/node_modules/next/dist/server/dev/static-paths-worker.js
- /home/andri/myweddblue/node_modules/next/dist/compiled/jest-worker/processChild.js] {
  type: 'Error',
  code: 'MODULE_NOT_FOUND',
  requireStack: [Array],
  page: '/dashboard/bro-sist'
}
 GET /dashboard/bro-sist 500 in 862ms
 GET /admin 200 in 78ms
 GET /_next/static/css/app/layout.css?v=1769925739979 404 in 64ms
 GET /_next/static/chunks/main-app.js?v=1769925739979 404 in 198ms
 GET /_next/static/chunks/app-pages-internals.js 404 in 198ms
 GET /_next/static/chunks/app/admin/layout.js 404 in 199ms
 GET /_next/static/chunks/app/admin/page.js 404 in 199ms
[Error: ENOENT: no such file or directory, stat '/home/andri/myweddblue/.next/cache/webpack/server-development/3.pack.gz'] {
  errno: -2,
  code: 'ENOENT',
  syscall: 'stat',
  path: '/home/andri/myweddblue/.next/cache/webpack/server-development/3.pack.gz'
}
 ⨯ unhandledRejection: [Error: ENOENT: no such file or directory, stat '/home/andri/myweddblue/.next/cache/webpack/server-development/3.pack.gz'] {
  errno: -2,
  code: 'ENOENT',
  syscall: 'stat',
  path: '/home/andri/myweddblue/.next/cache/webpack/server-development/3.pack.gz'
}
 ⨯ unhandledRejection:  [Error: ENOENT: no such file or directory, stat '/home/andri/myweddblue/.next/cache/webpack/server-development/3.pack.gz'] {
  errno: -2,
  code: 'ENOENT',
  syscall: 'stat',
  path: '/home/andri/myweddblue/.next/cache/webpack/server-development/3.pack.gz'
}
[Error: ENOENT: no such file or directory, stat '/home/andri/myweddblue/.next/cache/webpack/server-development/5.pack.gz'] {
  errno: -2,
  code: 'ENOENT',
  syscall: 'stat',
  path: '/home/andri/myweddblue/.next/cache/webpack/server-development/5.pack.gz'
}
 ⨯ unhandledRejection: [Error: ENOENT: no such file or directory, stat '/home/andri/myweddblue/.next/cache/webpack/server-development/5.pack.gz'] {
  errno: -2,
  code: 'ENOENT',
  syscall: 'stat',
  path: '/home/andri/myweddblue/.next/cache/webpack/server-development/5.pack.gz'
}
 ⨯ unhandledRejection:  [Error: ENOENT: no such file or directory, stat '/home/andri/myweddblue/.next/cache/webpack/server-development/5.pack.gz'] {
  errno: -2,
  code: 'ENOENT',
  syscall: 'stat',
  path: '/home/andri/myweddblue/.next/cache/webpack/server-development/5.pack.gz'
}
<w> [webpack.cache.PackFileCacheStrategy] Caching failed for pack: Error: ENOENT: no such file or directory, stat '/home/andri/myweddblue/.next/cache/webpack/server-development/3.pack.gz'
 ✓ Compiled in 9.7s (1792 modules)
 ✓ Compiled in 3.2s (1806 modules)
 ✓ Compiled in 1449ms (1806 modules)
 ✓ Compiled in 1540ms (1806 modules)
 ✓ Compiled in 1270ms (1806 modules)
 ✓ Compiled in 1383ms (1806 modules)
 ✓ Compiled in 1729ms (1806 modules)
 ✓ Compiled in 696ms (815 modules)
 ✓ Compiled in 888ms (815 modules)
 ✓ Compiled in 682ms (815 modules)
 ✓ Compiled in 661ms (815 modules)
 ✓ Compiled in 833ms (815 modules)
 ✓ Compiled in 638ms (815 modules)
 ✓ Compiled in 769ms (815 modules)
 ✓ Compiled in 671ms (815 modules)
 ✓ Compiled in 703ms (815 modules)
 ✓ Compiled in 7s (815 modules)
 ✓ Compiled in 1924ms (815 modules)
 ✓ Compiled in 1202ms (815 modules)
 ✓ Compiled in 1257ms (815 modules)
 ✓ Compiled in 1197ms (815 modules)
 ✓ Compiled in 723ms (815 modules)
<w> [webpack.cache.PackFileCacheStrategy] Caching failed for pack: Error: ENOENT: no such file or directory, rename '/home/andri/myweddblue/.next/cache/webpack/client-development/0.pack.gz_' -> '/home/andri/myweddblue/.next/cache/webpack/client-development/0.pack.gz'
 ✓ Compiled in 2.1s (815 modules)
 ✓ Compiled in 1643ms (815 modules)
 ✓ Compiled in 11.8s (1806 modules)
 ✓ Compiled in 1722ms (1806 modules)
 ✓ Compiled in 2.2s (1806 modules)
 ✓ Compiled in 2.3s (1806 modules)
 ✓ Compiled in 2.1s (1806 modules)
 ✓ Compiled in 1252ms (1806 modules)
 ✓ Compiled in 1779ms (1806 modules)
 ✓ Compiled in 1852ms (1806 modules)
 ✓ Compiled in 2.1s (1806 modules)
 ✓ Compiled in 2.1s (1806 modules)
 ✓ Compiled in 2.4s (1807 modules)
 ✓ Compiled in 2.9s (1806 modules)
 ✓ Compiled in 2.8s (1807 modules)
 ✓ Compiled in 2s (816 modules)
 ✓ Compiled in 1316ms (816 modules)
 ✓ Compiled in 839ms (816 modules)
 ○ Compiling /api/setup-database/split-themes ...
